[2025-07-28T15:13:30.119+0000] {local_task_job_runner.py:120} INFO - ::group::Pre task execution logs
[2025-07-28T15:13:30.155+0000] {taskinstance.py:2076} INFO - Dependencies all met for dep_context=non-requeueable deps ti=<TaskInstance: ingest_raw_jobs.ingest_csv manual__2025-07-28T15:13:26.360190+00:00 [queued]>
[2025-07-28T15:13:30.230+0000] {taskinstance.py:2076} INFO - Dependencies all met for dep_context=requeueable deps ti=<TaskInstance: ingest_raw_jobs.ingest_csv manual__2025-07-28T15:13:26.360190+00:00 [queued]>
[2025-07-28T15:13:30.232+0000] {taskinstance.py:2306} INFO - Starting attempt 1 of 2
[2025-07-28T15:13:30.245+0000] {taskinstance.py:2330} INFO - Executing <Task(PythonOperator): ingest_csv> on 2025-07-28 15:13:26.360190+00:00
[2025-07-28T15:13:30.257+0000] {standard_task_runner.py:63} INFO - Started process 48 to run task
[2025-07-28T15:13:30.261+0000] {standard_task_runner.py:90} INFO - Running: ['airflow', 'tasks', 'run', 'ingest_raw_jobs', 'ingest_csv', 'manual__2025-07-28T15:13:26.360190+00:00', '--job-id', '2', '--raw', '--subdir', 'DAGS_FOLDER/ingest_raw_dag.py', '--cfg-path', '/tmp/tmphn43ewvx']
[2025-07-28T15:13:30.264+0000] {standard_task_runner.py:91} INFO - Job 2: Subtask ingest_csv
[2025-07-28T15:13:30.366+0000] {task_command.py:426} INFO - Running <TaskInstance: ingest_raw_jobs.ingest_csv manual__2025-07-28T15:13:26.360190+00:00 [running]> on host 0361872d8b87
[2025-07-28T15:13:30.489+0000] {taskinstance.py:2648} INFO - Exporting env vars: AIRFLOW_CTX_DAG_OWNER='Felipe Velez' AIRFLOW_CTX_DAG_ID='ingest_raw_jobs' AIRFLOW_CTX_TASK_ID='ingest_csv' AIRFLOW_CTX_EXECUTION_DATE='2025-07-28T15:13:26.360190+00:00' AIRFLOW_CTX_TRY_NUMBER='1' AIRFLOW_CTX_DAG_RUN_ID='manual__2025-07-28T15:13:26.360190+00:00'
[2025-07-28T15:13:30.491+0000] {taskinstance.py:430} INFO - ::endgroup::
[2025-07-28T15:13:30.525+0000] {ingest_raw.py:17} INFO - Leyendo /opt/airflow/data/data_jobs.csv …
[2025-07-28T15:13:36.124+0000] {ingest_raw.py:20} INFO - Filas leídas: 785741
[2025-07-28T15:14:08.459+0000] {ingest_raw.py:23} INFO - Datos cargados en tabla jobs_raw
[2025-07-28T15:14:08.529+0000] {python.py:237} INFO - Done. Returned value was: None
[2025-07-28T15:14:08.529+0000] {taskinstance.py:441} INFO - ::group::Post task execution logs
[2025-07-28T15:14:08.542+0000] {taskinstance.py:1206} INFO - Marking task as SUCCESS. dag_id=ingest_raw_jobs, task_id=ingest_csv, run_id=manual__2025-07-28T15:13:26.360190+00:00, execution_date=20250728T151326, start_date=20250728T151330, end_date=20250728T151408
[2025-07-28T15:14:08.600+0000] {local_task_job_runner.py:240} INFO - Task exited with return code 0
[2025-07-28T15:14:08.620+0000] {taskinstance.py:3498} INFO - 0 downstream tasks scheduled from follow-on schedule check
[2025-07-28T15:14:08.622+0000] {local_task_job_runner.py:222} INFO - ::endgroup::
