[2025-07-28T17:50:31.064+0000] {local_task_job_runner.py:120} INFO - ::group::Pre task execution logs
[2025-07-28T17:50:31.194+0000] {taskinstance.py:2076} INFO - Dependencies all met for dep_context=non-requeueable deps ti=<TaskInstance: jobs_ingest_transform.t1_ingest manual__2025-07-28T17:50:25.205466+00:00 [queued]>
[2025-07-28T17:50:31.204+0000] {taskinstance.py:2076} INFO - Dependencies all met for dep_context=requeueable deps ti=<TaskInstance: jobs_ingest_transform.t1_ingest manual__2025-07-28T17:50:25.205466+00:00 [queued]>
[2025-07-28T17:50:31.206+0000] {taskinstance.py:2306} INFO - Starting attempt 1 of 2
[2025-07-28T17:50:31.220+0000] {taskinstance.py:2330} INFO - Executing <Task(PythonOperator): t1_ingest> on 2025-07-28 17:50:25.205466+00:00
[2025-07-28T17:50:31.234+0000] {standard_task_runner.py:63} INFO - Started process 76 to run task
[2025-07-28T17:50:31.252+0000] {standard_task_runner.py:90} INFO - Running: ['airflow', 'tasks', 'run', 'jobs_ingest_transform', 't1_ingest', 'manual__2025-07-28T17:50:25.205466+00:00', '--job-id', '2', '--raw', '--subdir', 'DAGS_FOLDER/jobs_ingest_transform_dag.py', '--cfg-path', '/tmp/tmpj8mbethf']
[2025-07-28T17:50:31.259+0000] {standard_task_runner.py:91} INFO - Job 2: Subtask t1_ingest
[2025-07-28T17:50:31.596+0000] {task_command.py:426} INFO - Running <TaskInstance: jobs_ingest_transform.t1_ingest manual__2025-07-28T17:50:25.205466+00:00 [running]> on host 890e7b92db67
[2025-07-28T17:50:31.814+0000] {taskinstance.py:2648} INFO - Exporting env vars: AIRFLOW_CTX_DAG_OWNER='Felipe Velez' AIRFLOW_CTX_DAG_ID='jobs_ingest_transform' AIRFLOW_CTX_TASK_ID='t1_ingest' AIRFLOW_CTX_EXECUTION_DATE='2025-07-28T17:50:25.205466+00:00' AIRFLOW_CTX_TRY_NUMBER='1' AIRFLOW_CTX_DAG_RUN_ID='manual__2025-07-28T17:50:25.205466+00:00'
[2025-07-28T17:50:31.816+0000] {taskinstance.py:430} INFO - ::endgroup::
[2025-07-28T17:50:31.895+0000] {ingest_raw.py:17} INFO - Leyendo /opt/airflow/data/data_jobs.csv …
[2025-07-28T17:50:45.652+0000] {ingest_raw.py:20} INFO - Filas leídas: 785741
[2025-07-28T17:51:22.487+0000] {ingest_raw.py:23} INFO - Datos cargados en tabla jobs_raw
[2025-07-28T17:51:22.602+0000] {python.py:237} INFO - Done. Returned value was: None
[2025-07-28T17:51:22.603+0000] {taskinstance.py:441} INFO - ::group::Post task execution logs
[2025-07-28T17:51:22.624+0000] {taskinstance.py:1206} INFO - Marking task as SUCCESS. dag_id=jobs_ingest_transform, task_id=t1_ingest, run_id=manual__2025-07-28T17:50:25.205466+00:00, execution_date=20250728T175025, start_date=20250728T175031, end_date=20250728T175122
[2025-07-28T17:51:22.686+0000] {local_task_job_runner.py:240} INFO - Task exited with return code 0
[2025-07-28T17:51:22.756+0000] {taskinstance.py:3498} INFO - 1 downstream tasks scheduled from follow-on schedule check
[2025-07-28T17:51:22.760+0000] {local_task_job_runner.py:222} INFO - ::endgroup::
