[2025-07-28T16:25:50.410+0000] {local_task_job_runner.py:120} INFO - ::group::Pre task execution logs
[2025-07-28T16:25:50.513+0000] {taskinstance.py:2076} INFO - Dependencies all met for dep_context=non-requeueable deps ti=<TaskInstance: jobs_ingest_transform.t2_transform manual__2025-07-28T16:22:29.508654+00:00 [queued]>
[2025-07-28T16:25:50.528+0000] {taskinstance.py:2076} INFO - Dependencies all met for dep_context=requeueable deps ti=<TaskInstance: jobs_ingest_transform.t2_transform manual__2025-07-28T16:22:29.508654+00:00 [queued]>
[2025-07-28T16:25:50.529+0000] {taskinstance.py:2306} INFO - Starting attempt 2 of 2
[2025-07-28T16:25:50.541+0000] {taskinstance.py:2330} INFO - Executing <Task(PythonOperator): t2_transform> on 2025-07-28 16:22:29.508654+00:00
[2025-07-28T16:25:50.547+0000] {standard_task_runner.py:63} INFO - Started process 434 to run task
[2025-07-28T16:25:50.551+0000] {standard_task_runner.py:90} INFO - Running: ['airflow', 'tasks', 'run', 'jobs_ingest_transform', 't2_transform', 'manual__2025-07-28T16:22:29.508654+00:00', '--job-id', '5', '--raw', '--subdir', 'DAGS_FOLDER/jobs_ingest_transform_dag.py', '--cfg-path', '/tmp/tmph5f2zg_5']
[2025-07-28T16:25:50.553+0000] {standard_task_runner.py:91} INFO - Job 5: Subtask t2_transform
[2025-07-28T16:25:50.647+0000] {task_command.py:426} INFO - Running <TaskInstance: jobs_ingest_transform.t2_transform manual__2025-07-28T16:22:29.508654+00:00 [running]> on host 0361872d8b87
[2025-07-28T16:25:50.757+0000] {taskinstance.py:2648} INFO - Exporting env vars: AIRFLOW_CTX_DAG_OWNER='Felipe Velez' AIRFLOW_CTX_DAG_ID='jobs_ingest_transform' AIRFLOW_CTX_TASK_ID='t2_transform' AIRFLOW_CTX_EXECUTION_DATE='2025-07-28T16:22:29.508654+00:00' AIRFLOW_CTX_TRY_NUMBER='2' AIRFLOW_CTX_DAG_RUN_ID='manual__2025-07-28T16:22:29.508654+00:00'
[2025-07-28T16:25:50.758+0000] {taskinstance.py:430} INFO - ::endgroup::
[2025-07-28T16:26:02.408+0000] {taskinstance.py:441} INFO - ::group::Post task execution logs
[2025-07-28T16:26:02.411+0000] {taskinstance.py:2905} ERROR - Task failed with exception
Traceback (most recent call last):
  File "/home/airflow/.local/lib/python3.11/site-packages/sqlalchemy/engine/base.py", line 1910, in _execute_context
    self.dialect.do_execute(
  File "/home/airflow/.local/lib/python3.11/site-packages/sqlalchemy/engine/default.py", line 736, in do_execute
    cursor.execute(statement, parameters)
psycopg2.errors.UndefinedTable: relation "companies" does not exist
LINE 1: INSERT INTO companies (name) SELECT unnest(ARRAY['Boehringer...
                    ^


The above exception was the direct cause of the following exception:

Traceback (most recent call last):
  File "/home/airflow/.local/lib/python3.11/site-packages/airflow/models/taskinstance.py", line 465, in _execute_task
    result = _execute_callable(context=context, **execute_callable_kwargs)
             ^^^^^^^^^^^^^^^^^^^^^^^^^^^^^^^^^^^^^^^^^^^^^^^^^^^^^^^^^^^^^
  File "/home/airflow/.local/lib/python3.11/site-packages/airflow/models/taskinstance.py", line 432, in _execute_callable
    return execute_callable(context=context, **execute_callable_kwargs)
           ^^^^^^^^^^^^^^^^^^^^^^^^^^^^^^^^^^^^^^^^^^^^^^^^^^^^^^^^^^^^
  File "/home/airflow/.local/lib/python3.11/site-packages/airflow/models/baseoperator.py", line 400, in wrapper
    return func(self, *args, **kwargs)
           ^^^^^^^^^^^^^^^^^^^^^^^^^^^
  File "/home/airflow/.local/lib/python3.11/site-packages/airflow/operators/python.py", line 235, in execute
    return_value = self.execute_callable()
                   ^^^^^^^^^^^^^^^^^^^^^^^
  File "/home/airflow/.local/lib/python3.11/site-packages/airflow/operators/python.py", line 252, in execute_callable
    return self.python_callable(*self.op_args, **self.op_kwargs)
           ^^^^^^^^^^^^^^^^^^^^^^^^^^^^^^^^^^^^^^^^^^^^^^^^^^^^^
  File "/opt/airflow/scripts/transform_to_3nf.py", line 29, in main
    map_company  = upsert_cat(df, "companies",  "company_name")
                   ^^^^^^^^^^^^^^^^^^^^^^^^^^^^^^^^^^^^^^^^^^^^
  File "/opt/airflow/scripts/transform_to_3nf.py", line 12, in upsert_cat
    ids = conn.execute(
          ^^^^^^^^^^^^^
  File "/home/airflow/.local/lib/python3.11/site-packages/sqlalchemy/engine/base.py", line 1385, in execute
    return meth(self, multiparams, params, _EMPTY_EXECUTION_OPTS)
           ^^^^^^^^^^^^^^^^^^^^^^^^^^^^^^^^^^^^^^^^^^^^^^^^^^^^^^
  File "/home/airflow/.local/lib/python3.11/site-packages/sqlalchemy/sql/elements.py", line 334, in _execute_on_connection
    return connection._execute_clauseelement(
           ^^^^^^^^^^^^^^^^^^^^^^^^^^^^^^^^^^
  File "/home/airflow/.local/lib/python3.11/site-packages/sqlalchemy/engine/base.py", line 1577, in _execute_clauseelement
    ret = self._execute_context(
          ^^^^^^^^^^^^^^^^^^^^^^
  File "/home/airflow/.local/lib/python3.11/site-packages/sqlalchemy/engine/base.py", line 1953, in _execute_context
    self._handle_dbapi_exception(
  File "/home/airflow/.local/lib/python3.11/site-packages/sqlalchemy/engine/base.py", line 2134, in _handle_dbapi_exception
    util.raise_(
  File "/home/airflow/.local/lib/python3.11/site-packages/sqlalchemy/util/compat.py", line 211, in raise_
    raise exception
  File "/home/airflow/.local/lib/python3.11/site-packages/sqlalchemy/engine/base.py", line 1910, in _execute_context
    self.dialect.do_execute(
  File "/home/airflow/.local/lib/python3.11/site-packages/sqlalchemy/engine/default.py", line 736, in do_execute
    cursor.execute(statement, parameters)
sqlalchemy.exc.ProgrammingError: (psycopg2.errors.UndefinedTable) relation "companies" does not exist
LINE 1: INSERT INTO companies (name) SELECT unnest(ARRAY['Boehringer...
                    ^

[SQL: INSERT INTO companies (name) SELECT unnest(%(vals)s) ON CONFLICT (name) DO NOTHING RETURNING name, companie_id]
[parameters: {'vals': ['Boehringer Ingelheim', 'Hewlett Packard Enterprise', 'ALPHA Augmented Services', 'Southwest Research Institute', 'Kristina Daniel', 'smart folks inc ... (3065252 characters truncated) ... Billion Ideas Pvt. LTD.', 'Hydra X Pte. Ltd.', 'Staff-UP Consulting Group', 'Pure App', 'CAREERSTAR INTERNATIONAL PTE. LTD.', 'Lendlease Corporation']}]
(Background on this error at: https://sqlalche.me/e/14/f405)
[2025-07-28T16:26:02.477+0000] {taskinstance.py:1206} INFO - Marking task as FAILED. dag_id=jobs_ingest_transform, task_id=t2_transform, run_id=manual__2025-07-28T16:22:29.508654+00:00, execution_date=20250728T162229, start_date=20250728T162550, end_date=20250728T162602
[2025-07-28T16:26:02.515+0000] {standard_task_runner.py:110} ERROR - Failed to execute job 5 for task t2_transform ((psycopg2.errors.UndefinedTable) relation "companies" does not exist
LINE 1: INSERT INTO companies (name) SELECT unnest(ARRAY['Boehringer...
                    ^

[SQL: INSERT INTO companies (name) SELECT unnest(%(vals)s) ON CONFLICT (name) DO NOTHING RETURNING name, companie_id]
[parameters: {'vals': ['Boehringer Ingelheim', 'Hewlett Packard Enterprise', 'ALPHA Augmented Services', 'Southwest Research Institute', 'Kristina Daniel', 'smart folks inc ... (3065252 characters truncated) ... Billion Ideas Pvt. LTD.', 'Hydra X Pte. Ltd.', 'Staff-UP Consulting Group', 'Pure App', 'CAREERSTAR INTERNATIONAL PTE. LTD.', 'Lendlease Corporation']}]
(Background on this error at: https://sqlalche.me/e/14/f405); 434)
[2025-07-28T16:26:02.685+0000] {local_task_job_runner.py:240} INFO - Task exited with return code 1
[2025-07-28T16:26:02.727+0000] {taskinstance.py:3498} INFO - 0 downstream tasks scheduled from follow-on schedule check
[2025-07-28T16:26:02.730+0000] {local_task_job_runner.py:222} INFO - ::endgroup::
