[2025-07-28T16:54:39.167+0000] {local_task_job_runner.py:120} INFO - ::group::Pre task execution logs
[2025-07-28T16:54:39.269+0000] {taskinstance.py:2076} INFO - Dependencies all met for dep_context=non-requeueable deps ti=<TaskInstance: jobs_ingest_transform.t1_ingest manual__2025-07-28T16:54:34.187368+00:00 [queued]>
[2025-07-28T16:54:39.277+0000] {taskinstance.py:2076} INFO - Dependencies all met for dep_context=requeueable deps ti=<TaskInstance: jobs_ingest_transform.t1_ingest manual__2025-07-28T16:54:34.187368+00:00 [queued]>
[2025-07-28T16:54:39.278+0000] {taskinstance.py:2306} INFO - Starting attempt 1 of 2
[2025-07-28T16:54:39.290+0000] {taskinstance.py:2330} INFO - Executing <Task(PythonOperator): t1_ingest> on 2025-07-28 16:54:34.187368+00:00
[2025-07-28T16:54:39.298+0000] {standard_task_runner.py:63} INFO - Started process 576 to run task
[2025-07-28T16:54:39.301+0000] {standard_task_runner.py:90} INFO - Running: ['airflow', 'tasks', 'run', 'jobs_ingest_transform', 't1_ingest', 'manual__2025-07-28T16:54:34.187368+00:00', '--job-id', '8', '--raw', '--subdir', 'DAGS_FOLDER/jobs_ingest_transform_dag.py', '--cfg-path', '/tmp/tmp4yvo09gg']
[2025-07-28T16:54:39.304+0000] {standard_task_runner.py:91} INFO - Job 8: Subtask t1_ingest
[2025-07-28T16:54:39.393+0000] {task_command.py:426} INFO - Running <TaskInstance: jobs_ingest_transform.t1_ingest manual__2025-07-28T16:54:34.187368+00:00 [running]> on host 0361872d8b87
[2025-07-28T16:54:39.503+0000] {taskinstance.py:2648} INFO - Exporting env vars: AIRFLOW_CTX_DAG_OWNER='Felipe Velez' AIRFLOW_CTX_DAG_ID='jobs_ingest_transform' AIRFLOW_CTX_TASK_ID='t1_ingest' AIRFLOW_CTX_EXECUTION_DATE='2025-07-28T16:54:34.187368+00:00' AIRFLOW_CTX_TRY_NUMBER='1' AIRFLOW_CTX_DAG_RUN_ID='manual__2025-07-28T16:54:34.187368+00:00'
[2025-07-28T16:54:39.505+0000] {taskinstance.py:430} INFO - ::endgroup::
[2025-07-28T16:54:39.522+0000] {ingest_raw.py:17} INFO - Leyendo /opt/airflow/data/data_jobs.csv …
[2025-07-28T16:54:45.114+0000] {ingest_raw.py:20} INFO - Filas leídas: 785741
[2025-07-28T16:55:20.203+0000] {ingest_raw.py:23} INFO - Datos cargados en tabla jobs_raw
[2025-07-28T16:55:20.287+0000] {python.py:237} INFO - Done. Returned value was: None
[2025-07-28T16:55:20.288+0000] {taskinstance.py:441} INFO - ::group::Post task execution logs
[2025-07-28T16:55:20.359+0000] {taskinstance.py:1206} INFO - Marking task as SUCCESS. dag_id=jobs_ingest_transform, task_id=t1_ingest, run_id=manual__2025-07-28T16:54:34.187368+00:00, execution_date=20250728T165434, start_date=20250728T165439, end_date=20250728T165520
[2025-07-28T16:55:20.430+0000] {local_task_job_runner.py:240} INFO - Task exited with return code 0
[2025-07-28T16:55:20.494+0000] {taskinstance.py:3498} INFO - 1 downstream tasks scheduled from follow-on schedule check
[2025-07-28T16:55:20.498+0000] {local_task_job_runner.py:222} INFO - ::endgroup::
