[2025-07-28T22:22:02.461+0000] {local_task_job_runner.py:120} INFO - ::group::Pre task execution logs
[2025-07-28T22:22:02.592+0000] {taskinstance.py:2076} INFO - Dependencies all met for dep_context=non-requeueable deps ti=<TaskInstance: jobs_ingest_transform.t2_transform manual__2025-07-28T17:50:25.205466+00:00 [queued]>
[2025-07-28T22:22:02.606+0000] {taskinstance.py:2076} INFO - Dependencies all met for dep_context=requeueable deps ti=<TaskInstance: jobs_ingest_transform.t2_transform manual__2025-07-28T17:50:25.205466+00:00 [queued]>
[2025-07-28T22:22:02.609+0000] {taskinstance.py:2306} INFO - Starting attempt 23 of 24
[2025-07-28T22:22:02.621+0000] {taskinstance.py:2330} INFO - Executing <Task(PythonOperator): t2_transform> on 2025-07-28 17:50:25.205466+00:00
[2025-07-28T22:22:02.632+0000] {standard_task_runner.py:63} INFO - Started process 204 to run task
[2025-07-28T22:22:02.635+0000] {standard_task_runner.py:90} INFO - Running: ['airflow', 'tasks', 'run', 'jobs_ingest_transform', 't2_transform', 'manual__2025-07-28T17:50:25.205466+00:00', '--job-id', '28', '--raw', '--subdir', 'DAGS_FOLDER/jobs_ingest_transform_dag.py', '--cfg-path', '/tmp/tmpl7ul78md']
[2025-07-28T22:22:02.637+0000] {standard_task_runner.py:91} INFO - Job 28: Subtask t2_transform
[2025-07-28T22:22:02.731+0000] {task_command.py:426} INFO - Running <TaskInstance: jobs_ingest_transform.t2_transform manual__2025-07-28T17:50:25.205466+00:00 [running]> on host 7c7ead5e6567
[2025-07-28T22:22:02.854+0000] {taskinstance.py:2648} INFO - Exporting env vars: AIRFLOW_CTX_DAG_OWNER='Felipe Velez' AIRFLOW_CTX_DAG_ID='jobs_ingest_transform' AIRFLOW_CTX_TASK_ID='t2_transform' AIRFLOW_CTX_EXECUTION_DATE='2025-07-28T17:50:25.205466+00:00' AIRFLOW_CTX_TRY_NUMBER='23' AIRFLOW_CTX_DAG_RUN_ID='manual__2025-07-28T17:50:25.205466+00:00'
[2025-07-28T22:22:02.859+0000] {taskinstance.py:430} INFO - ::endgroup::
[2025-07-28T22:22:06.114+0000] {transform_to_3nf.py:110} INFO - Procesando 50000 filas …
[2025-07-28T22:22:45.245+0000] {transform_to_3nf.py:110} INFO - Procesando 50000 filas …
[2025-07-28T22:23:19.786+0000] {transform_to_3nf.py:110} INFO - Procesando 50000 filas …
[2025-07-28T22:23:59.316+0000] {transform_to_3nf.py:110} INFO - Procesando 50000 filas …
[2025-07-28T22:24:34.240+0000] {transform_to_3nf.py:110} INFO - Procesando 50000 filas …
[2025-07-28T22:25:09.422+0000] {transform_to_3nf.py:110} INFO - Procesando 50000 filas …
[2025-07-28T22:25:44.267+0000] {transform_to_3nf.py:110} INFO - Procesando 50000 filas …
[2025-07-28T22:26:20.475+0000] {transform_to_3nf.py:110} INFO - Procesando 50000 filas …
[2025-07-28T22:26:54.986+0000] {transform_to_3nf.py:110} INFO - Procesando 50000 filas …
[2025-07-28T22:27:30.905+0000] {transform_to_3nf.py:110} INFO - Procesando 50000 filas …
[2025-07-28T22:28:05.685+0000] {transform_to_3nf.py:110} INFO - Procesando 50000 filas …
[2025-07-28T22:28:40.620+0000] {transform_to_3nf.py:110} INFO - Procesando 50000 filas …
[2025-07-28T22:29:14.303+0000] {transform_to_3nf.py:110} INFO - Procesando 50000 filas …
[2025-07-28T22:29:48.388+0000] {transform_to_3nf.py:110} INFO - Procesando 50000 filas …
[2025-07-28T22:30:22.265+0000] {transform_to_3nf.py:110} INFO - Procesando 50000 filas …
[2025-07-28T22:30:57.175+0000] {transform_to_3nf.py:110} INFO - Procesando 35741 filas …
[2025-07-28T22:31:23.411+0000] {transform_to_3nf.py:113} INFO - ✨ Transformación terminada sin OOM ✨
[2025-07-28T22:31:23.427+0000] {python.py:237} INFO - Done. Returned value was: None
[2025-07-28T22:31:23.428+0000] {taskinstance.py:441} INFO - ::group::Post task execution logs
[2025-07-28T22:31:23.446+0000] {taskinstance.py:1206} INFO - Marking task as SUCCESS. dag_id=jobs_ingest_transform, task_id=t2_transform, run_id=manual__2025-07-28T17:50:25.205466+00:00, execution_date=20250728T175025, start_date=20250728T222202, end_date=20250728T223123
[2025-07-28T22:31:23.574+0000] {local_task_job_runner.py:240} INFO - Task exited with return code 0
[2025-07-28T22:31:23.756+0000] {taskinstance.py:3498} INFO - 0 downstream tasks scheduled from follow-on schedule check
[2025-07-28T22:31:23.759+0000] {local_task_job_runner.py:222} INFO - ::endgroup::
